<?xml version="1.0" encoding="UTF-8"?>
<!-- Generated by org.testng.reporters.JUnitReportReporter -->
<testsuite hostname="Jhalinsons-MacBook-Pro.local" failures="0" tests="6" name="com.epam.qa.TestRunner.TestRunner" time="20.825" errors="0" timestamp="2021-12-28T10:49:05 AST" skipped="0">
  <testcase classname="com.epam.qa.TestRunner.TestRunner" name="runScenario" time="3.089"/>
  <system-out/>
  <testcase classname="com.epam.qa.TestRunner.TestRunner" name="runScenario" time="4.125"/>
  <system-out/>
  <testcase classname="com.epam.qa.TestRunner.TestRunner" name="runScenario" time="3.915"/>
  <system-out/>
  <testcase classname="com.epam.qa.TestRunner.TestRunner" name="runScenario" time="3.045"/>
  <system-out/>
  <testcase classname="com.epam.qa.TestRunner.TestRunner" name="runScenario" time="3.296"/>
  <system-out/>
  <testcase classname="com.epam.qa.TestRunner.TestRunner" name="runScenario" time="3.355"/>
  <system-out/>
</testsuite> <!-- com.epam.qa.TestRunner.TestRunner -->
